     1 00000000 EB4E90                  DB 0xeb, 0x4e, 0x90
     2 00000003 48454C4C4F49504C        DB "HELLOIPL"
     3 0000000B 0002                    DW 512
     4 0000000D 01                      DB 1
     5 0000000E 0100                    DW 1
     6 00000010 02                      DB 2
     7 00000011 E000                    DW 224
     8 00000013 400B                    DW 2880
     9 00000015 F0                      DB 0xf0
    10 00000016 0900                    DW 9
    11 00000018 1200                    DW 18
    12 0000001A 0200                    DW 2
    13 0000001C 00000000                DD 0
    14 00000020 400B0000                DD 2880
    15 00000024 000029                  DB 0, 0, 0x29
    16 00000027 FFFFFFFF                DD 0xffffffff
    17 0000002B 48454C4C4F2D4F5320-     DB "HELLO-OS   "
    17 00000034 2020               
    18 00000036 4641543132202020        DB "FAT12   "
    19 0000003E <res 00000012>          RESB 18
    19          ******************       warning: uninitialized space declared in .text section: zeroing
    20                                  
    21                                  ;プログラム本体
    22 00000050 B800008ED0BC007C        DB 0xb8, 0x00, 0x00, 0x8e, 0xd0, 0xbc, 0x00, 0x7c
    23 00000058 8ED88EC0BE747C8A        DB 0x8e, 0xd8, 0x8e, 0xc0, 0xbe, 0x74, 0x7c, 0x8a
    24 00000060 0483C6013C007409        DB 0x04, 0x83, 0xc6, 0x01, 0x3c, 0x00, 0x74, 0x09
    25 00000068 B40EBB0F00CD10EB        DB 0xb4, 0x0e, 0xbb, 0x0f, 0x00, 0xcd, 0x10, 0xeb
    26 00000070 EEF4EBFD                DB 0xee, 0xf4, 0xeb, 0xfd
    27                                  
    28                                  ;メッセージ部
    29 00000074 0A0A                    DB 0x0a, 0x0a
    30 00000076 68656C6C6F2C20776F-     DB "hello, world"
    30 0000007F 726C64             
    31 00000082 0A                      DB 0x0a
    32 00000083 00                      DB 0
    33                                  
    34 00000084 <res 0000017A>          RESB 0x1fe-($-$$)
    34          ******************       warning: uninitialized space declared in .text section: zeroing
    35                                  
    36 000001FE 55AA                    DB 0x55, 0xaa
    37                                  
    38                                  ;以下はブートセクタ以外の部分
    39 00000200 F0FFFF0000000000        DB 0xf0, 0xff, 0xff, 0x00, 0x00, 0x00, 0x00, 0x00
    40 00000208 <res 000011F8>          RESB 4600
    40          ******************       warning: uninitialized space declared in .text section: zeroing
    41 00001400 F0FFFF0000000000        DB 0xf0, 0xff, 0xff, 0x00, 0x00, 0x00, 0x00, 0x00
    42 00001408 <res 00166BF8>          RESB 1469432
    42          ******************       warning: uninitialized space declared in .text section: zeroing
